Arguments: 
  /home/appsparkler/.nvm/versions/node/v13.3.0/bin/node /home/appsparkler/.nvm/versions/node/v13.3.0/bin/yarn init

PATH: 
  /home/appsparkler/.nvm/versions/node/v13.3.0/bin:/home/appsparkler/anaconda3/bin:/home/appsparkler/anaconda3/condabin:/usr/local/sbin:/usr/local/bin:/usr/sbin:/usr/bin:/sbin:/bin:/usr/games:/usr/local/games:/snap/bin

Yarn version: 
  1.21.1

Node version: 
  13.3.0

Platform: 
  linux x64

Trace: 
  Error: canceled
      at Interface.<anonymous> (/home/appsparkler/.nvm/versions/node/v13.3.0/lib/node_modules/yarn/lib/cli.js:136925:13)
      at Interface.emit (events.js:219:5)
      at Interface._ttyWrite (readline.js:894:16)
      at ReadStream.onkeypress (readline.js:200:10)
      at ReadStream.emit (events.js:219:5)
      at emitKeys (internal/readline/utils.js:438:14)
      at emitKeys.next (<anonymous>)
      at ReadStream.onData (readline.js:1160:36)
      at ReadStream.emit (events.js:219:5)
      at addChunk (_stream_readable.js:332:12)

npm manifest: 
  No manifest

yarn manifest: 
  No manifest

Lockfile: 
  No lockfile
